<?xml version="1.0" encoding="UTF-8"?>
<testng-results ignored="0" total="1" passed="1" failed="0" skipped="0">
  <reporter-output>
  </reporter-output>
  <suite started-at="2024-04-12T16:12:40 IST" name="Suite" finished-at="2024-04-12T16:13:07 IST" duration-ms="26854">
    <groups>
    </groups>
    <test started-at="2024-04-12T16:12:40 IST" name="Test" finished-at="2024-04-12T16:13:07 IST" duration-ms="26854">
      <class name="org.objectrepositary.LoginTest">
        <test-method signature="login()[pri:0, instance:org.objectrepositary.LoginTest@d86a6f]" started-at="2024-04-12T16:12:40 IST" name="login" finished-at="2024-04-12T16:13:06 IST" duration-ms="26316" status="PASS">
          <reporter-output>
          </reporter-output>
        </test-method> <!-- login -->
        <test-method is-config="true" signature="closure()[pri:0, instance:org.objectrepositary.LoginTest@d86a6f]" started-at="2024-04-12T16:13:06 IST" name="closure" finished-at="2024-04-12T16:13:07 IST" duration-ms="453" status="PASS">
          <reporter-output>
          </reporter-output>
        </test-method> <!-- closure -->
      </class> <!-- org.objectrepositary.LoginTest -->
    </test> <!-- Test -->
  </suite> <!-- Suite -->
</testng-results>
