<?xml version="1.0" encoding="UTF-8"?>
<testng-results ignored="0" total="1" passed="1" failed="0" skipped="0">
  <reporter-output>
  </reporter-output>
  <suite started-at="2024-04-16T18:40:36 IST" name="Default suite" finished-at="2024-04-16T18:41:05 IST" duration-ms="28473">
    <groups>
    </groups>
    <test started-at="2024-04-16T18:40:36 IST" name="Default test" finished-at="2024-04-16T18:41:05 IST" duration-ms="28473">
      <class name="org.objectrepositary.LoginTest">
        <test-method is-config="true" signature="configuration()[pri:0, instance:org.objectrepositary.LoginTest@4b741d6d]" started-at="2024-04-16T18:40:36 IST" name="configuration" finished-at="2024-04-16T18:40:37 IST" duration-ms="309" status="PASS">
          <reporter-output>
          </reporter-output>
        </test-method> <!-- configuration -->
        <test-method signature="login()[pri:0, instance:org.objectrepositary.LoginTest@4b741d6d]" started-at="2024-04-16T18:40:37 IST" name="login" finished-at="2024-04-16T18:41:04 IST" duration-ms="27479" status="PASS">
          <reporter-output>
          </reporter-output>
        </test-method> <!-- login -->
        <test-method is-config="true" signature="closure()[pri:0, instance:org.objectrepositary.LoginTest@4b741d6d]" started-at="2024-04-16T18:41:04 IST" name="closure" finished-at="2024-04-16T18:41:05 IST" duration-ms="632" status="PASS">
          <reporter-output>
          </reporter-output>
        </test-method> <!-- closure -->
      </class> <!-- org.objectrepositary.LoginTest -->
    </test> <!-- Default test -->
  </suite> <!-- Default suite -->
</testng-results>
